{"message":"Maximizing browser window","level":"info"}
{"message":"Maximizing browser window","level":"info"}
{"message":"Maximizing browser window","level":"info"}
{"message":"Maximizing browser window","level":"info"}
{"message":"login to Web Client","level":"info"}
{"message":"Maximizing browser window","level":"info"}
{"message":"login to Web Client","level":"info"}
{"message":"I enter user Name","level":"info"}
{"message":"I enter password","level":"info"}
{"message":"I logged in","level":"info"}
{"message":"WC is opened","level":"info"}
{"message":"user clicks on Search Icon","level":"info"}
{"message":"user enter File Name","level":"info"}
{"message":"user clicks Search Button","level":"info"}
{"message":"File is opened","level":"info"}
{"message":"user clicks on Add Note icon","level":"info"}
{"message":"note modal appears","level":"info"}
{"message":"user clicks Cancel Button","level":"info"}
{"message":"note modal is closed","level":"info"}
{"message":"user click close Button","level":"info"}
{"message":"modal is closed","level":"info"}
{"message":"user click Sign Out","level":"info"}
{"message":"user is signed out","level":"info"}
{"message":"Maximizing browser window","level":"info"}
{"message":"login to Web Client","level":"info"}
{"message":"I enter user Name","level":"info"}
{"message":"I enter password","level":"info"}
{"message":"I logged in","level":"info"}
{"message":"WC is opened","level":"info"}
{"message":"user clicks on Search Icon","level":"info"}
{"message":"user enter File Name","level":"info"}
{"message":"user clicks Search Button","level":"info"}
{"message":"File is opened","level":"info"}
{"message":"user clicks on Add Note icon","level":"info"}
{"message":"note modal appears","level":"info"}
{"message":"user clicks Cancel Button","level":"info"}
{"message":"note modal is closed","level":"info"}
{"message":"user click close Button","level":"info"}
{"message":"modal is closed","level":"info"}
{"message":"user click Sign Out","level":"info"}
{"message":"user is signed out","level":"info"}
{"message":"Maximizing browser window","level":"info"}
{"message":"login to Web Client","level":"info"}
{"message":"I enter user Name","level":"info"}
{"message":"I enter password","level":"info"}
{"message":"I logged in","level":"info"}
{"message":"WC is opened","level":"info"}
{"message":"user clicks on Search Icon","level":"info"}
{"message":"user enter File Name","level":"info"}
{"message":"user clicks Search Button","level":"info"}
{"message":"File is opened","level":"info"}
{"message":"user clicks on Add Note icon","level":"info"}
{"message":"note modal appears","level":"info"}
{"message":"user clicks Cancel Button","level":"info"}
{"message":"note modal is closed","level":"info"}
{"message":"user click close Button","level":"info"}
{"message":"modal is closed","level":"info"}
{"message":"user click Sign Out","level":"info"}
{"message":"user is signed out","level":"info"}
{"message":"Maximizing browser window","level":"info"}
{"message":"login to Web Client","level":"info"}
{"message":"I enter user Name","level":"info"}
{"message":"I enter password","level":"info"}
{"message":"I logged in","level":"info"}
{"message":"WC is opened","level":"info"}
{"message":"user clicks on Search Icon","level":"info"}
{"message":"user enter File Name","level":"info"}
{"message":"user clicks Search Button","level":"info"}
{"message":"File is opened","level":"info"}
{"message":"user clicks on Add Note icon","level":"info"}
{"message":"note modal appears","level":"info"}
{"message":"user clicks Cancel Button","level":"info"}
{"message":"note modal is closed","level":"info"}
{"message":"user click close Button","level":"info"}
{"message":"modal is closed","level":"info"}
{"message":"user click Sign Out","level":"info"}
{"message":"user is signed out","level":"info"}
{"message":"Maximizing browser window","level":"info"}
{"message":"login to Web Client","level":"info"}
{"message":"I enter user Name","level":"info"}
{"message":"I enter password","level":"info"}
{"message":"I logged in","level":"info"}
{"message":"WC is opened","level":"info"}
{"message":"user clicks on Search Icon","level":"info"}
{"message":"user enter File Name","level":"info"}
{"message":"user clicks Search Button","level":"info"}
{"message":"File is opened","level":"info"}
{"message":"user clicks on Add Note icon","level":"info"}
{"message":"note modal appears","level":"info"}
{"message":"user clicks Cancel Button","level":"info"}
{"message":"note modal is closed","level":"info"}
{"message":"user click close Button","level":"info"}
{"message":"modal is closed","level":"info"}
{"message":"user click Sign Out","level":"info"}
{"message":"user is signed out","level":"info"}
{"message":"Maximizing browser window","level":"info"}
{"message":"login to Web Client","level":"info"}
{"message":"I enter user Name","level":"info"}
{"message":"I enter password","level":"info"}
{"message":"I logged in","level":"info"}
{"message":"WC is opened","level":"info"}
{"message":"user clicks on Search Icon","level":"info"}
{"message":"user enter File Name","level":"info"}
{"message":"user clicks Search Button","level":"info"}
{"message":"File is opened","level":"info"}
{"message":"user clicks on Add Note icon","level":"info"}
{"message":"note modal appears","level":"info"}
{"message":"user clicks Cancel Button","level":"info"}
{"message":"note modal is closed","level":"info"}
{"message":"user click close Button","level":"info"}
{"message":"modal is closed","level":"info"}
{"message":"user click Sign Out","level":"info"}
{"message":"user is signed out","level":"info"}
